Analysis & Synthesis report for top
Sun Feb 26 14:16:56 2017
Quartus Prime Version 16.1.0 Build 196 10/24/2016 SJ Lite Edition


---------------------
; Table of Contents ;
---------------------
  1. Legal Notice
  2. Analysis & Synthesis Summary
  3. Analysis & Synthesis Settings
  4. Parallel Compilation
  5. Analysis & Synthesis Source Files Read
  6. Analysis & Synthesis Resource Usage Summary
  7. Analysis & Synthesis Resource Utilization by Entity
  8. General Register Statistics
  9. Port Connectivity Checks: "clock_div_2ton:CD|dflipflop:d37"
 10. Port Connectivity Checks: "clock_div_2ton:CD|dflipflop:d36"
 11. Port Connectivity Checks: "clock_div_2ton:CD|dflipflop:d35"
 12. Port Connectivity Checks: "clock_div_2ton:CD|dflipflop:d34"
 13. Port Connectivity Checks: "clock_div_2ton:CD|dflipflop:d33"
 14. Port Connectivity Checks: "clock_div_2ton:CD|dflipflop:d32"
 15. Port Connectivity Checks: "clock_div_2ton:CD|dflipflop:d31"
 16. Port Connectivity Checks: "clock_div_2ton:CD|dflipflop:d30"
 17. Port Connectivity Checks: "clock_div_2ton:CD|dflipflop:d29"
 18. Port Connectivity Checks: "clock_div_2ton:CD|dflipflop:d28"
 19. Port Connectivity Checks: "clock_div_2ton:CD|dflipflop:d27"
 20. Port Connectivity Checks: "clock_div_2ton:CD|dflipflop:d26"
 21. Port Connectivity Checks: "clock_div_2ton:CD|dflipflop:d25"
 22. Port Connectivity Checks: "clock_div_2ton:CD|dflipflop:d24"
 23. Port Connectivity Checks: "clock_div_2ton:CD|dflipflop:d23"
 24. Port Connectivity Checks: "clock_div_2ton:CD|dflipflop:d22"
 25. Port Connectivity Checks: "clock_div_2ton:CD|dflipflop:d21"
 26. Port Connectivity Checks: "clock_div_2ton:CD|dflipflop:d20"
 27. Port Connectivity Checks: "clock_div_2ton:CD|dflipflop:d19"
 28. Port Connectivity Checks: "clock_div_2ton:CD|dflipflop:d18"
 29. Port Connectivity Checks: "clock_div_2ton:CD|dflipflop:d17"
 30. Port Connectivity Checks: "clock_div_2ton:CD|dflipflop:d16"
 31. Port Connectivity Checks: "clock_div_2ton:CD|dflipflop:d15"
 32. Port Connectivity Checks: "clock_div_2ton:CD|dflipflop:d14"
 33. Port Connectivity Checks: "clock_div_2ton:CD|dflipflop:d13"
 34. Port Connectivity Checks: "clock_div_2ton:CD|dflipflop:d12"
 35. Port Connectivity Checks: "clock_div_2ton:CD|dflipflop:d11"
 36. Port Connectivity Checks: "clock_div_2ton:CD|dflipflop:d10"
 37. Port Connectivity Checks: "clock_div_2ton:CD|dflipflop:d9"
 38. Port Connectivity Checks: "clock_div_2ton:CD|dflipflop:d8"
 39. Port Connectivity Checks: "clock_div_2ton:CD|dflipflop:d7"
 40. Port Connectivity Checks: "clock_div_2ton:CD|dflipflop:d6"
 41. Port Connectivity Checks: "clock_div_2ton:CD|dflipflop:d5"
 42. Port Connectivity Checks: "clock_div_2ton:CD|dflipflop:d4"
 43. Port Connectivity Checks: "clock_div_2ton:CD|dflipflop:d3"
 44. Port Connectivity Checks: "clock_div_2ton:CD|dflipflop:d2"
 45. Port Connectivity Checks: "clock_div_2ton:CD|dflipflop:d1"
 46. Port Connectivity Checks: "clock_div_2ton:CD|dflipflop:d0"
 47. Port Connectivity Checks: "clock_div_2ton:CD"
 48. Post-Synthesis Netlist Statistics for Top Partition
 49. Elapsed Time Per Partition
 50. Analysis & Synthesis Messages



----------------
; Legal Notice ;
----------------
Copyright (C) 2016  Intel Corporation. All rights reserved.
Your use of Intel Corporation's design tools, logic functions 
and other software and tools, and its AMPP partner logic 
functions, and any output files from any of the foregoing 
(including device programming or simulation files), and any 
associated documentation or information are expressly subject 
to the terms and conditions of the Intel Program License 
Subscription Agreement, the Intel Quartus Prime License Agreement,
the Intel MegaCore Function License Agreement, or other 
applicable license agreement, including, without limitation, 
that your use is for the sole purpose of programming logic 
devices manufactured by Intel and sold by Intel or its 
authorized distributors.  Please refer to the applicable 
agreement for further details.



+-------------------------------------------------------------------------------+
; Analysis & Synthesis Summary                                                  ;
+---------------------------------+---------------------------------------------+
; Analysis & Synthesis Status     ; Successful - Sun Feb 26 14:16:56 2017       ;
; Quartus Prime Version           ; 16.1.0 Build 196 10/24/2016 SJ Lite Edition ;
; Revision Name                   ; top                                         ;
; Top-level Entity Name           ; top                                         ;
; Family                          ; Cyclone V                                   ;
; Logic utilization (in ALMs)     ; N/A                                         ;
; Total registers                 ; 24                                          ;
; Total pins                      ; 66                                          ;
; Total virtual pins              ; 0                                           ;
; Total block memory bits         ; 0                                           ;
; Total DSP Blocks                ; 0                                           ;
; Total HSSI RX PCSs              ; 0                                           ;
; Total HSSI PMA RX Deserializers ; 0                                           ;
; Total HSSI TX PCSs              ; 0                                           ;
; Total HSSI PMA TX Serializers   ; 0                                           ;
; Total PLLs                      ; 0                                           ;
; Total DLLs                      ; 0                                           ;
+---------------------------------+---------------------------------------------+


+---------------------------------------------------------------------------------------------------------------------------+
; Analysis & Synthesis Settings                                                                                             ;
+---------------------------------------------------------------------------------+--------------------+--------------------+
; Option                                                                          ; Setting            ; Default Value      ;
+---------------------------------------------------------------------------------+--------------------+--------------------+
; Device                                                                          ; 5CEBA4F23C7        ;                    ;
; Top-level entity name                                                           ; top                ; top                ;
; Family name                                                                     ; Cyclone V          ; Cyclone V          ;
; Use smart compilation                                                           ; Off                ; Off                ;
; Enable parallel Assembler and TimeQuest Timing Analyzer during compilation      ; On                 ; On                 ;
; Enable compact report table                                                     ; Off                ; Off                ;
; Restructure Multiplexers                                                        ; Auto               ; Auto               ;
; MLAB Add Timing Constraints For Mixed-Port Feed-Through Mode Setting Don't Care ; Off                ; Off                ;
; Create Debugging Nodes for IP Cores                                             ; Off                ; Off                ;
; Preserve fewer node names                                                       ; On                 ; On                 ;
; OpenCore Plus hardware evaluation                                               ; Enable             ; Enable             ;
; Verilog Version                                                                 ; Verilog_2001       ; Verilog_2001       ;
; VHDL Version                                                                    ; VHDL_1993          ; VHDL_1993          ;
; State Machine Processing                                                        ; Auto               ; Auto               ;
; Safe State Machine                                                              ; Off                ; Off                ;
; Extract Verilog State Machines                                                  ; On                 ; On                 ;
; Extract VHDL State Machines                                                     ; On                 ; On                 ;
; Ignore Verilog initial constructs                                               ; Off                ; Off                ;
; Iteration limit for constant Verilog loops                                      ; 5000               ; 5000               ;
; Iteration limit for non-constant Verilog loops                                  ; 250                ; 250                ;
; Add Pass-Through Logic to Inferred RAMs                                         ; On                 ; On                 ;
; Infer RAMs from Raw Logic                                                       ; On                 ; On                 ;
; Parallel Synthesis                                                              ; On                 ; On                 ;
; DSP Block Balancing                                                             ; Auto               ; Auto               ;
; NOT Gate Push-Back                                                              ; On                 ; On                 ;
; Power-Up Don't Care                                                             ; On                 ; On                 ;
; Remove Redundant Logic Cells                                                    ; Off                ; Off                ;
; Remove Duplicate Registers                                                      ; On                 ; On                 ;
; Ignore CARRY Buffers                                                            ; Off                ; Off                ;
; Ignore CASCADE Buffers                                                          ; Off                ; Off                ;
; Ignore GLOBAL Buffers                                                           ; Off                ; Off                ;
; Ignore ROW GLOBAL Buffers                                                       ; Off                ; Off                ;
; Ignore LCELL Buffers                                                            ; Off                ; Off                ;
; Ignore SOFT Buffers                                                             ; On                 ; On                 ;
; Limit AHDL Integers to 32 Bits                                                  ; Off                ; Off                ;
; Optimization Technique                                                          ; Balanced           ; Balanced           ;
; Carry Chain Length                                                              ; 70                 ; 70                 ;
; Auto Carry Chains                                                               ; On                 ; On                 ;
; Auto Open-Drain Pins                                                            ; On                 ; On                 ;
; Perform WYSIWYG Primitive Resynthesis                                           ; Off                ; Off                ;
; Auto ROM Replacement                                                            ; On                 ; On                 ;
; Auto RAM Replacement                                                            ; On                 ; On                 ;
; Auto DSP Block Replacement                                                      ; On                 ; On                 ;
; Auto Shift Register Replacement                                                 ; Auto               ; Auto               ;
; Allow Shift Register Merging across Hierarchies                                 ; Auto               ; Auto               ;
; Auto Clock Enable Replacement                                                   ; On                 ; On                 ;
; Strict RAM Replacement                                                          ; Off                ; Off                ;
; Allow Synchronous Control Signals                                               ; On                 ; On                 ;
; Force Use of Synchronous Clear Signals                                          ; Off                ; Off                ;
; Auto Resource Sharing                                                           ; Off                ; Off                ;
; Allow Any RAM Size For Recognition                                              ; Off                ; Off                ;
; Allow Any ROM Size For Recognition                                              ; Off                ; Off                ;
; Allow Any Shift Register Size For Recognition                                   ; Off                ; Off                ;
; Use LogicLock Constraints during Resource Balancing                             ; On                 ; On                 ;
; Ignore translate_off and synthesis_off directives                               ; Off                ; Off                ;
; Timing-Driven Synthesis                                                         ; On                 ; On                 ;
; Report Parameter Settings                                                       ; On                 ; On                 ;
; Report Source Assignments                                                       ; On                 ; On                 ;
; Report Connectivity Checks                                                      ; On                 ; On                 ;
; Ignore Maximum Fan-Out Assignments                                              ; Off                ; Off                ;
; Synchronization Register Chain Length                                           ; 3                  ; 3                  ;
; PowerPlay Power Optimization During Synthesis                                   ; Normal compilation ; Normal compilation ;
; HDL message level                                                               ; Level2             ; Level2             ;
; Suppress Register Optimization Related Messages                                 ; Off                ; Off                ;
; Number of Removed Registers Reported in Synthesis Report                        ; 5000               ; 5000               ;
; Number of Swept Nodes Reported in Synthesis Report                              ; 5000               ; 5000               ;
; Number of Inverted Registers Reported in Synthesis Report                       ; 100                ; 100                ;
; Clock MUX Protection                                                            ; On                 ; On                 ;
; Auto Gated Clock Conversion                                                     ; Off                ; Off                ;
; Block Design Naming                                                             ; Auto               ; Auto               ;
; SDC constraint protection                                                       ; Off                ; Off                ;
; Synthesis Effort                                                                ; Auto               ; Auto               ;
; Shift Register Replacement - Allow Asynchronous Clear Signal                    ; On                 ; On                 ;
; Pre-Mapping Resynthesis Optimization                                            ; Off                ; Off                ;
; Analysis & Synthesis Message Level                                              ; Medium             ; Medium             ;
; Disable Register Merging Across Hierarchies                                     ; Auto               ; Auto               ;
; Resource Aware Inference For Block RAM                                          ; On                 ; On                 ;
; Automatic Parallel Synthesis                                                    ; On                 ; On                 ;
; Partial Reconfiguration Bitstream ID                                            ; Off                ; Off                ;
+---------------------------------------------------------------------------------+--------------------+--------------------+


+------------------------------------------+
; Parallel Compilation                     ;
+----------------------------+-------------+
; Processors                 ; Number      ;
+----------------------------+-------------+
; Number detected on machine ; 4           ;
; Maximum allowed            ; 2           ;
;                            ;             ;
; Average used               ; 1.00        ;
; Maximum used               ; 2           ;
;                            ;             ;
; Usage by Processor         ; % Time Used ;
;     Processor 1            ; 100.0%      ;
;     Processor 2            ;   0.0%      ;
+----------------------------+-------------+


+--------------------------------------------------------------------------------------------------------------------------------------------------------------------------------------+
; Analysis & Synthesis Source Files Read                                                                                                                                               ;
+----------------------------------+-----------------+-----------------+-----------------------------------------------------------------------------------------------------+---------+
; File Name with User-Entered Path ; Used in Netlist ; File Type       ; File Name with Absolute Path                                                                        ; Library ;
+----------------------------------+-----------------+-----------------+-----------------------------------------------------------------------------------------------------+---------+
; clock_div_2ton.vhd               ; yes             ; User VHDL File  ; C:/Users/Dominik/Desktop/EELE367/Lab9c_Counters_Using_1_Process_n_2ton_Clock_Div/clock_div_2ton.vhd ;         ;
; dflipflop.vhd                    ; yes             ; User VHDL File  ; C:/Users/Dominik/Desktop/EELE367/Lab9c_Counters_Using_1_Process_n_2ton_Clock_Div/dflipflop.vhd      ;         ;
; top.vhd                          ; yes             ; User VHDL File  ; C:/Users/Dominik/Desktop/EELE367/Lab9c_Counters_Using_1_Process_n_2ton_Clock_Div/top.vhd            ;         ;
; char_decoder.vhd                 ; yes             ; User VHDL File  ; C:/Users/Dominik/Desktop/EELE367/Lab9c_Counters_Using_1_Process_n_2ton_Clock_Div/char_decoder.vhd   ;         ;
+----------------------------------+-----------------+-----------------+-----------------------------------------------------------------------------------------------------+---------+


+--------------------------------------------------------+
; Analysis & Synthesis Resource Usage Summary            ;
+---------------------------------------------+----------+
; Resource                                    ; Usage    ;
+---------------------------------------------+----------+
; Estimate of Logic utilization (ALMs needed) ; 37       ;
;                                             ;          ;
; Combinational ALUT usage for logic          ; 71       ;
;     -- 7 input functions                    ; 0        ;
;     -- 6 input functions                    ; 3        ;
;     -- 5 input functions                    ; 2        ;
;     -- 4 input functions                    ; 42       ;
;     -- <=3 input functions                  ; 24       ;
;                                             ;          ;
; Dedicated logic registers                   ; 24       ;
;                                             ;          ;
; I/O pins                                    ; 66       ;
;                                             ;          ;
; Total DSP Blocks                            ; 0        ;
;                                             ;          ;
; Maximum fan-out node                        ; Equal0~4 ;
; Maximum fan-out                             ; 24       ;
; Total fan-out                               ; 465      ;
; Average fan-out                             ; 2.05     ;
+---------------------------------------------+----------+


+------------------------------------------------------------------------------------------------------------------------------------------------------------------------------------------+
; Analysis & Synthesis Resource Utilization by Entity                                                                                                                                      ;
+----------------------------+---------------------+---------------------------+-------------------+------------+------+--------------+----------------------+--------------+--------------+
; Compilation Hierarchy Node ; Combinational ALUTs ; Dedicated Logic Registers ; Block Memory Bits ; DSP Blocks ; Pins ; Virtual Pins ; Full Hierarchy Name  ; Entity Name  ; Library Name ;
+----------------------------+---------------------+---------------------------+-------------------+------------+------+--------------+----------------------+--------------+--------------+
; |top                       ; 71 (29)             ; 24 (24)                   ; 0                 ; 0          ; 66   ; 0            ; |top                 ; top          ; work         ;
;    |char_decoder:C0|       ; 7 (7)               ; 0 (0)                     ; 0                 ; 0          ; 0    ; 0            ; |top|char_decoder:C0 ; char_decoder ; work         ;
;    |char_decoder:C1|       ; 7 (7)               ; 0 (0)                     ; 0                 ; 0          ; 0    ; 0            ; |top|char_decoder:C1 ; char_decoder ; work         ;
;    |char_decoder:C2|       ; 7 (7)               ; 0 (0)                     ; 0                 ; 0          ; 0    ; 0            ; |top|char_decoder:C2 ; char_decoder ; work         ;
;    |char_decoder:C3|       ; 7 (7)               ; 0 (0)                     ; 0                 ; 0          ; 0    ; 0            ; |top|char_decoder:C3 ; char_decoder ; work         ;
;    |char_decoder:C4|       ; 7 (7)               ; 0 (0)                     ; 0                 ; 0          ; 0    ; 0            ; |top|char_decoder:C4 ; char_decoder ; work         ;
;    |char_decoder:C5|       ; 7 (7)               ; 0 (0)                     ; 0                 ; 0          ; 0    ; 0            ; |top|char_decoder:C5 ; char_decoder ; work         ;
+----------------------------+---------------------+---------------------------+-------------------+------------+------+--------------+----------------------+--------------+--------------+
Note: For table entries with two numbers listed, the numbers in parentheses indicate the number of resources of the given type used by the specific entity alone. The numbers listed outside of parentheses indicate the total resources of the given type used by the specific entity and all of its sub-entities in the hierarchy.


+------------------------------------------------------+
; General Register Statistics                          ;
+----------------------------------------------+-------+
; Statistic                                    ; Value ;
+----------------------------------------------+-------+
; Total registers                              ; 24    ;
; Number of registers using Synchronous Clear  ; 24    ;
; Number of registers using Synchronous Load   ; 0     ;
; Number of registers using Asynchronous Clear ; 24    ;
; Number of registers using Asynchronous Load  ; 0     ;
; Number of registers using Clock Enable       ; 0     ;
; Number of registers using Preset             ; 0     ;
+----------------------------------------------+-------+


+----------------------------------------------------------------------------------------------------------------+
; Port Connectivity Checks: "clock_div_2ton:CD|dflipflop:d37"                                                    ;
+------+--------+----------+-------------------------------------------------------------------------------------+
; Port ; Type   ; Severity ; Details                                                                             ;
+------+--------+----------+-------------------------------------------------------------------------------------+
; q    ; Output ; Info     ; Connected to dangling logic. Logic that only feeds a dangling port will be removed. ;
+------+--------+----------+-------------------------------------------------------------------------------------+


+----------------------------------------------------------------------------------------------------------------+
; Port Connectivity Checks: "clock_div_2ton:CD|dflipflop:d36"                                                    ;
+------+--------+----------+-------------------------------------------------------------------------------------+
; Port ; Type   ; Severity ; Details                                                                             ;
+------+--------+----------+-------------------------------------------------------------------------------------+
; q    ; Output ; Info     ; Connected to dangling logic. Logic that only feeds a dangling port will be removed. ;
+------+--------+----------+-------------------------------------------------------------------------------------+


+----------------------------------------------------------------------------------------------------------------+
; Port Connectivity Checks: "clock_div_2ton:CD|dflipflop:d35"                                                    ;
+------+--------+----------+-------------------------------------------------------------------------------------+
; Port ; Type   ; Severity ; Details                                                                             ;
+------+--------+----------+-------------------------------------------------------------------------------------+
; q    ; Output ; Info     ; Connected to dangling logic. Logic that only feeds a dangling port will be removed. ;
+------+--------+----------+-------------------------------------------------------------------------------------+


+----------------------------------------------------------------------------------------------------------------+
; Port Connectivity Checks: "clock_div_2ton:CD|dflipflop:d34"                                                    ;
+------+--------+----------+-------------------------------------------------------------------------------------+
; Port ; Type   ; Severity ; Details                                                                             ;
+------+--------+----------+-------------------------------------------------------------------------------------+
; q    ; Output ; Info     ; Connected to dangling logic. Logic that only feeds a dangling port will be removed. ;
+------+--------+----------+-------------------------------------------------------------------------------------+


+----------------------------------------------------------------------------------------------------------------+
; Port Connectivity Checks: "clock_div_2ton:CD|dflipflop:d33"                                                    ;
+------+--------+----------+-------------------------------------------------------------------------------------+
; Port ; Type   ; Severity ; Details                                                                             ;
+------+--------+----------+-------------------------------------------------------------------------------------+
; q    ; Output ; Info     ; Connected to dangling logic. Logic that only feeds a dangling port will be removed. ;
+------+--------+----------+-------------------------------------------------------------------------------------+


+----------------------------------------------------------------------------------------------------------------+
; Port Connectivity Checks: "clock_div_2ton:CD|dflipflop:d32"                                                    ;
+------+--------+----------+-------------------------------------------------------------------------------------+
; Port ; Type   ; Severity ; Details                                                                             ;
+------+--------+----------+-------------------------------------------------------------------------------------+
; q    ; Output ; Info     ; Connected to dangling logic. Logic that only feeds a dangling port will be removed. ;
+------+--------+----------+-------------------------------------------------------------------------------------+


+----------------------------------------------------------------------------------------------------------------+
; Port Connectivity Checks: "clock_div_2ton:CD|dflipflop:d31"                                                    ;
+------+--------+----------+-------------------------------------------------------------------------------------+
; Port ; Type   ; Severity ; Details                                                                             ;
+------+--------+----------+-------------------------------------------------------------------------------------+
; q    ; Output ; Info     ; Connected to dangling logic. Logic that only feeds a dangling port will be removed. ;
+------+--------+----------+-------------------------------------------------------------------------------------+


+----------------------------------------------------------------------------------------------------------------+
; Port Connectivity Checks: "clock_div_2ton:CD|dflipflop:d30"                                                    ;
+------+--------+----------+-------------------------------------------------------------------------------------+
; Port ; Type   ; Severity ; Details                                                                             ;
+------+--------+----------+-------------------------------------------------------------------------------------+
; q    ; Output ; Info     ; Connected to dangling logic. Logic that only feeds a dangling port will be removed. ;
+------+--------+----------+-------------------------------------------------------------------------------------+


+----------------------------------------------------------------------------------------------------------------+
; Port Connectivity Checks: "clock_div_2ton:CD|dflipflop:d29"                                                    ;
+------+--------+----------+-------------------------------------------------------------------------------------+
; Port ; Type   ; Severity ; Details                                                                             ;
+------+--------+----------+-------------------------------------------------------------------------------------+
; q    ; Output ; Info     ; Connected to dangling logic. Logic that only feeds a dangling port will be removed. ;
+------+--------+----------+-------------------------------------------------------------------------------------+


+----------------------------------------------------------------------------------------------------------------+
; Port Connectivity Checks: "clock_div_2ton:CD|dflipflop:d28"                                                    ;
+------+--------+----------+-------------------------------------------------------------------------------------+
; Port ; Type   ; Severity ; Details                                                                             ;
+------+--------+----------+-------------------------------------------------------------------------------------+
; q    ; Output ; Info     ; Connected to dangling logic. Logic that only feeds a dangling port will be removed. ;
+------+--------+----------+-------------------------------------------------------------------------------------+


+----------------------------------------------------------------------------------------------------------------+
; Port Connectivity Checks: "clock_div_2ton:CD|dflipflop:d27"                                                    ;
+------+--------+----------+-------------------------------------------------------------------------------------+
; Port ; Type   ; Severity ; Details                                                                             ;
+------+--------+----------+-------------------------------------------------------------------------------------+
; q    ; Output ; Info     ; Connected to dangling logic. Logic that only feeds a dangling port will be removed. ;
+------+--------+----------+-------------------------------------------------------------------------------------+


+----------------------------------------------------------------------------------------------------------------+
; Port Connectivity Checks: "clock_div_2ton:CD|dflipflop:d26"                                                    ;
+------+--------+----------+-------------------------------------------------------------------------------------+
; Port ; Type   ; Severity ; Details                                                                             ;
+------+--------+----------+-------------------------------------------------------------------------------------+
; q    ; Output ; Info     ; Connected to dangling logic. Logic that only feeds a dangling port will be removed. ;
+------+--------+----------+-------------------------------------------------------------------------------------+


+----------------------------------------------------------------------------------------------------------------+
; Port Connectivity Checks: "clock_div_2ton:CD|dflipflop:d25"                                                    ;
+------+--------+----------+-------------------------------------------------------------------------------------+
; Port ; Type   ; Severity ; Details                                                                             ;
+------+--------+----------+-------------------------------------------------------------------------------------+
; q    ; Output ; Info     ; Connected to dangling logic. Logic that only feeds a dangling port will be removed. ;
+------+--------+----------+-------------------------------------------------------------------------------------+


+----------------------------------------------------------------------------------------------------------------+
; Port Connectivity Checks: "clock_div_2ton:CD|dflipflop:d24"                                                    ;
+------+--------+----------+-------------------------------------------------------------------------------------+
; Port ; Type   ; Severity ; Details                                                                             ;
+------+--------+----------+-------------------------------------------------------------------------------------+
; q    ; Output ; Info     ; Connected to dangling logic. Logic that only feeds a dangling port will be removed. ;
+------+--------+----------+-------------------------------------------------------------------------------------+


+----------------------------------------------------------------------------------------------------------------+
; Port Connectivity Checks: "clock_div_2ton:CD|dflipflop:d23"                                                    ;
+------+--------+----------+-------------------------------------------------------------------------------------+
; Port ; Type   ; Severity ; Details                                                                             ;
+------+--------+----------+-------------------------------------------------------------------------------------+
; q    ; Output ; Info     ; Connected to dangling logic. Logic that only feeds a dangling port will be removed. ;
+------+--------+----------+-------------------------------------------------------------------------------------+


+----------------------------------------------------------------------------------------------------------------+
; Port Connectivity Checks: "clock_div_2ton:CD|dflipflop:d22"                                                    ;
+------+--------+----------+-------------------------------------------------------------------------------------+
; Port ; Type   ; Severity ; Details                                                                             ;
+------+--------+----------+-------------------------------------------------------------------------------------+
; q    ; Output ; Info     ; Connected to dangling logic. Logic that only feeds a dangling port will be removed. ;
+------+--------+----------+-------------------------------------------------------------------------------------+


+----------------------------------------------------------------------------------------------------------------+
; Port Connectivity Checks: "clock_div_2ton:CD|dflipflop:d21"                                                    ;
+------+--------+----------+-------------------------------------------------------------------------------------+
; Port ; Type   ; Severity ; Details                                                                             ;
+------+--------+----------+-------------------------------------------------------------------------------------+
; q    ; Output ; Info     ; Connected to dangling logic. Logic that only feeds a dangling port will be removed. ;
+------+--------+----------+-------------------------------------------------------------------------------------+


+----------------------------------------------------------------------------------------------------------------+
; Port Connectivity Checks: "clock_div_2ton:CD|dflipflop:d20"                                                    ;
+------+--------+----------+-------------------------------------------------------------------------------------+
; Port ; Type   ; Severity ; Details                                                                             ;
+------+--------+----------+-------------------------------------------------------------------------------------+
; q    ; Output ; Info     ; Connected to dangling logic. Logic that only feeds a dangling port will be removed. ;
+------+--------+----------+-------------------------------------------------------------------------------------+


+----------------------------------------------------------------------------------------------------------------+
; Port Connectivity Checks: "clock_div_2ton:CD|dflipflop:d19"                                                    ;
+------+--------+----------+-------------------------------------------------------------------------------------+
; Port ; Type   ; Severity ; Details                                                                             ;
+------+--------+----------+-------------------------------------------------------------------------------------+
; q    ; Output ; Info     ; Connected to dangling logic. Logic that only feeds a dangling port will be removed. ;
+------+--------+----------+-------------------------------------------------------------------------------------+


+----------------------------------------------------------------------------------------------------------------+
; Port Connectivity Checks: "clock_div_2ton:CD|dflipflop:d18"                                                    ;
+------+--------+----------+-------------------------------------------------------------------------------------+
; Port ; Type   ; Severity ; Details                                                                             ;
+------+--------+----------+-------------------------------------------------------------------------------------+
; q    ; Output ; Info     ; Connected to dangling logic. Logic that only feeds a dangling port will be removed. ;
+------+--------+----------+-------------------------------------------------------------------------------------+


+----------------------------------------------------------------------------------------------------------------+
; Port Connectivity Checks: "clock_div_2ton:CD|dflipflop:d17"                                                    ;
+------+--------+----------+-------------------------------------------------------------------------------------+
; Port ; Type   ; Severity ; Details                                                                             ;
+------+--------+----------+-------------------------------------------------------------------------------------+
; q    ; Output ; Info     ; Connected to dangling logic. Logic that only feeds a dangling port will be removed. ;
+------+--------+----------+-------------------------------------------------------------------------------------+


+----------------------------------------------------------------------------------------------------------------+
; Port Connectivity Checks: "clock_div_2ton:CD|dflipflop:d16"                                                    ;
+------+--------+----------+-------------------------------------------------------------------------------------+
; Port ; Type   ; Severity ; Details                                                                             ;
+------+--------+----------+-------------------------------------------------------------------------------------+
; q    ; Output ; Info     ; Connected to dangling logic. Logic that only feeds a dangling port will be removed. ;
+------+--------+----------+-------------------------------------------------------------------------------------+


+----------------------------------------------------------------------------------------------------------------+
; Port Connectivity Checks: "clock_div_2ton:CD|dflipflop:d15"                                                    ;
+------+--------+----------+-------------------------------------------------------------------------------------+
; Port ; Type   ; Severity ; Details                                                                             ;
+------+--------+----------+-------------------------------------------------------------------------------------+
; q    ; Output ; Info     ; Connected to dangling logic. Logic that only feeds a dangling port will be removed. ;
+------+--------+----------+-------------------------------------------------------------------------------------+


+----------------------------------------------------------------------------------------------------------------+
; Port Connectivity Checks: "clock_div_2ton:CD|dflipflop:d14"                                                    ;
+------+--------+----------+-------------------------------------------------------------------------------------+
; Port ; Type   ; Severity ; Details                                                                             ;
+------+--------+----------+-------------------------------------------------------------------------------------+
; q    ; Output ; Info     ; Connected to dangling logic. Logic that only feeds a dangling port will be removed. ;
+------+--------+----------+-------------------------------------------------------------------------------------+


+----------------------------------------------------------------------------------------------------------------+
; Port Connectivity Checks: "clock_div_2ton:CD|dflipflop:d13"                                                    ;
+------+--------+----------+-------------------------------------------------------------------------------------+
; Port ; Type   ; Severity ; Details                                                                             ;
+------+--------+----------+-------------------------------------------------------------------------------------+
; q    ; Output ; Info     ; Connected to dangling logic. Logic that only feeds a dangling port will be removed. ;
+------+--------+----------+-------------------------------------------------------------------------------------+


+----------------------------------------------------------------------------------------------------------------+
; Port Connectivity Checks: "clock_div_2ton:CD|dflipflop:d12"                                                    ;
+------+--------+----------+-------------------------------------------------------------------------------------+
; Port ; Type   ; Severity ; Details                                                                             ;
+------+--------+----------+-------------------------------------------------------------------------------------+
; q    ; Output ; Info     ; Connected to dangling logic. Logic that only feeds a dangling port will be removed. ;
+------+--------+----------+-------------------------------------------------------------------------------------+


+----------------------------------------------------------------------------------------------------------------+
; Port Connectivity Checks: "clock_div_2ton:CD|dflipflop:d11"                                                    ;
+------+--------+----------+-------------------------------------------------------------------------------------+
; Port ; Type   ; Severity ; Details                                                                             ;
+------+--------+----------+-------------------------------------------------------------------------------------+
; q    ; Output ; Info     ; Connected to dangling logic. Logic that only feeds a dangling port will be removed. ;
+------+--------+----------+-------------------------------------------------------------------------------------+


+----------------------------------------------------------------------------------------------------------------+
; Port Connectivity Checks: "clock_div_2ton:CD|dflipflop:d10"                                                    ;
+------+--------+----------+-------------------------------------------------------------------------------------+
; Port ; Type   ; Severity ; Details                                                                             ;
+------+--------+----------+-------------------------------------------------------------------------------------+
; q    ; Output ; Info     ; Connected to dangling logic. Logic that only feeds a dangling port will be removed. ;
+------+--------+----------+-------------------------------------------------------------------------------------+


+----------------------------------------------------------------------------------------------------------------+
; Port Connectivity Checks: "clock_div_2ton:CD|dflipflop:d9"                                                     ;
+------+--------+----------+-------------------------------------------------------------------------------------+
; Port ; Type   ; Severity ; Details                                                                             ;
+------+--------+----------+-------------------------------------------------------------------------------------+
; q    ; Output ; Info     ; Connected to dangling logic. Logic that only feeds a dangling port will be removed. ;
+------+--------+----------+-------------------------------------------------------------------------------------+


+----------------------------------------------------------------------------------------------------------------+
; Port Connectivity Checks: "clock_div_2ton:CD|dflipflop:d8"                                                     ;
+------+--------+----------+-------------------------------------------------------------------------------------+
; Port ; Type   ; Severity ; Details                                                                             ;
+------+--------+----------+-------------------------------------------------------------------------------------+
; q    ; Output ; Info     ; Connected to dangling logic. Logic that only feeds a dangling port will be removed. ;
+------+--------+----------+-------------------------------------------------------------------------------------+


+----------------------------------------------------------------------------------------------------------------+
; Port Connectivity Checks: "clock_div_2ton:CD|dflipflop:d7"                                                     ;
+------+--------+----------+-------------------------------------------------------------------------------------+
; Port ; Type   ; Severity ; Details                                                                             ;
+------+--------+----------+-------------------------------------------------------------------------------------+
; q    ; Output ; Info     ; Connected to dangling logic. Logic that only feeds a dangling port will be removed. ;
+------+--------+----------+-------------------------------------------------------------------------------------+


+----------------------------------------------------------------------------------------------------------------+
; Port Connectivity Checks: "clock_div_2ton:CD|dflipflop:d6"                                                     ;
+------+--------+----------+-------------------------------------------------------------------------------------+
; Port ; Type   ; Severity ; Details                                                                             ;
+------+--------+----------+-------------------------------------------------------------------------------------+
; q    ; Output ; Info     ; Connected to dangling logic. Logic that only feeds a dangling port will be removed. ;
+------+--------+----------+-------------------------------------------------------------------------------------+


+----------------------------------------------------------------------------------------------------------------+
; Port Connectivity Checks: "clock_div_2ton:CD|dflipflop:d5"                                                     ;
+------+--------+----------+-------------------------------------------------------------------------------------+
; Port ; Type   ; Severity ; Details                                                                             ;
+------+--------+----------+-------------------------------------------------------------------------------------+
; q    ; Output ; Info     ; Connected to dangling logic. Logic that only feeds a dangling port will be removed. ;
+------+--------+----------+-------------------------------------------------------------------------------------+


+----------------------------------------------------------------------------------------------------------------+
; Port Connectivity Checks: "clock_div_2ton:CD|dflipflop:d4"                                                     ;
+------+--------+----------+-------------------------------------------------------------------------------------+
; Port ; Type   ; Severity ; Details                                                                             ;
+------+--------+----------+-------------------------------------------------------------------------------------+
; q    ; Output ; Info     ; Connected to dangling logic. Logic that only feeds a dangling port will be removed. ;
+------+--------+----------+-------------------------------------------------------------------------------------+


+----------------------------------------------------------------------------------------------------------------+
; Port Connectivity Checks: "clock_div_2ton:CD|dflipflop:d3"                                                     ;
+------+--------+----------+-------------------------------------------------------------------------------------+
; Port ; Type   ; Severity ; Details                                                                             ;
+------+--------+----------+-------------------------------------------------------------------------------------+
; q    ; Output ; Info     ; Connected to dangling logic. Logic that only feeds a dangling port will be removed. ;
+------+--------+----------+-------------------------------------------------------------------------------------+


+----------------------------------------------------------------------------------------------------------------+
; Port Connectivity Checks: "clock_div_2ton:CD|dflipflop:d2"                                                     ;
+------+--------+----------+-------------------------------------------------------------------------------------+
; Port ; Type   ; Severity ; Details                                                                             ;
+------+--------+----------+-------------------------------------------------------------------------------------+
; q    ; Output ; Info     ; Connected to dangling logic. Logic that only feeds a dangling port will be removed. ;
+------+--------+----------+-------------------------------------------------------------------------------------+


+----------------------------------------------------------------------------------------------------------------+
; Port Connectivity Checks: "clock_div_2ton:CD|dflipflop:d1"                                                     ;
+------+--------+----------+-------------------------------------------------------------------------------------+
; Port ; Type   ; Severity ; Details                                                                             ;
+------+--------+----------+-------------------------------------------------------------------------------------+
; q    ; Output ; Info     ; Connected to dangling logic. Logic that only feeds a dangling port will be removed. ;
+------+--------+----------+-------------------------------------------------------------------------------------+


+----------------------------------------------------------------------------------------------------------------+
; Port Connectivity Checks: "clock_div_2ton:CD|dflipflop:d0"                                                     ;
+------+--------+----------+-------------------------------------------------------------------------------------+
; Port ; Type   ; Severity ; Details                                                                             ;
+------+--------+----------+-------------------------------------------------------------------------------------+
; q    ; Output ; Info     ; Connected to dangling logic. Logic that only feeds a dangling port will be removed. ;
+------+--------+----------+-------------------------------------------------------------------------------------+


+---------------------------------------------------------------------------------------------------------------------+
; Port Connectivity Checks: "clock_div_2ton:CD"                                                                       ;
+-----------+--------+----------+-------------------------------------------------------------------------------------+
; Port      ; Type   ; Severity ; Details                                                                             ;
+-----------+--------+----------+-------------------------------------------------------------------------------------+
; clock_out ; Output ; Info     ; Connected to dangling logic. Logic that only feeds a dangling port will be removed. ;
+-----------+--------+----------+-------------------------------------------------------------------------------------+


+-----------------------------------------------------+
; Post-Synthesis Netlist Statistics for Top Partition ;
+-----------------------+-----------------------------+
; Type                  ; Count                       ;
+-----------------------+-----------------------------+
; arriav_ff             ; 24                          ;
;     CLR SCLR          ; 24                          ;
; arriav_lcell_comb     ; 77                          ;
;     arith             ; 24                          ;
;         1 data inputs ; 24                          ;
;     normal            ; 53                          ;
;         1 data inputs ; 6                           ;
;         4 data inputs ; 42                          ;
;         5 data inputs ; 2                           ;
;         6 data inputs ; 3                           ;
; boundary_port         ; 66                          ;
;                       ;                             ;
; Max LUT depth         ; 3.30                        ;
; Average LUT depth     ; 2.02                        ;
+-----------------------+-----------------------------+


+-------------------------------+
; Elapsed Time Per Partition    ;
+----------------+--------------+
; Partition Name ; Elapsed Time ;
+----------------+--------------+
; Top            ; 00:00:00     ;
+----------------+--------------+


+-------------------------------+
; Analysis & Synthesis Messages ;
+-------------------------------+
Info: *******************************************************************
Info: Running Quartus Prime Analysis & Synthesis
    Info: Version 16.1.0 Build 196 10/24/2016 SJ Lite Edition
    Info: Processing started: Sun Feb 26 14:16:39 2017
Info: Command: quartus_map --read_settings_files=on --write_settings_files=off top -c top
Warning (18236): Number of processors has not been specified which may cause overloading on shared machines.  Set the global assignment NUM_PARALLEL_PROCESSORS in your QSF to an appropriate value for best performance.
Info (20030): Parallel compilation is enabled and will use 2 of the 2 processors detected
Info (12021): Found 2 design units, including 1 entities, in source file clock_div_2ton.vhd
    Info (12022): Found design unit 1: clock_div_2ton-clock_div_2ton_arch File: C:/Users/Dominik/Desktop/EELE367/Lab9c_Counters_Using_1_Process_n_2ton_Clock_Div/clock_div_2ton.vhd Line: 12
    Info (12023): Found entity 1: clock_div_2ton File: C:/Users/Dominik/Desktop/EELE367/Lab9c_Counters_Using_1_Process_n_2ton_Clock_Div/clock_div_2ton.vhd Line: 5
Info (12021): Found 2 design units, including 1 entities, in source file walker_fsm.vhd
    Info (12022): Found design unit 1: walker_fsm-walker_fsm_arch File: C:/Users/Dominik/Desktop/EELE367/Lab9c_Counters_Using_1_Process_n_2ton_Clock_Div/walker_fsm.vhd Line: 11
    Info (12023): Found entity 1: walker_fsm File: C:/Users/Dominik/Desktop/EELE367/Lab9c_Counters_Using_1_Process_n_2ton_Clock_Div/walker_fsm.vhd Line: 4
Info (12021): Found 2 design units, including 1 entities, in source file dflipflop.vhd
    Info (12022): Found design unit 1: dflipflop-dflipflop_arch File: C:/Users/Dominik/Desktop/EELE367/Lab9c_Counters_Using_1_Process_n_2ton_Clock_Div/dflipflop.vhd Line: 11
    Info (12023): Found entity 1: dflipflop File: C:/Users/Dominik/Desktop/EELE367/Lab9c_Counters_Using_1_Process_n_2ton_Clock_Div/dflipflop.vhd Line: 4
Info (12021): Found 2 design units, including 1 entities, in source file top.vhd
    Info (12022): Found design unit 1: top-top_arch File: C:/Users/Dominik/Desktop/EELE367/Lab9c_Counters_Using_1_Process_n_2ton_Clock_Div/top.vhd Line: 20
    Info (12023): Found entity 1: top File: C:/Users/Dominik/Desktop/EELE367/Lab9c_Counters_Using_1_Process_n_2ton_Clock_Div/top.vhd Line: 5
Info (12021): Found 2 design units, including 1 entities, in source file char_decoder.vhd
    Info (12022): Found design unit 1: char_decoder-char_decoder_arch File: C:/Users/Dominik/Desktop/EELE367/Lab9c_Counters_Using_1_Process_n_2ton_Clock_Div/char_decoder.vhd Line: 11
    Info (12023): Found entity 1: char_decoder File: C:/Users/Dominik/Desktop/EELE367/Lab9c_Counters_Using_1_Process_n_2ton_Clock_Div/char_decoder.vhd Line: 4
Info (12127): Elaborating entity "top" for the top level hierarchy
Warning (10036): Verilog HDL or VHDL warning at top.vhd(36): object "CLK_out" assigned a value but never read File: C:/Users/Dominik/Desktop/EELE367/Lab9c_Counters_Using_1_Process_n_2ton_Clock_Div/top.vhd Line: 36
Warning (10492): VHDL Process Statement warning at top.vhd(54): signal "CLOCK" is read inside the Process Statement but isn't in the Process Statement's sensitivity list File: C:/Users/Dominik/Desktop/EELE367/Lab9c_Counters_Using_1_Process_n_2ton_Clock_Div/top.vhd Line: 54
Info (12128): Elaborating entity "clock_div_2ton" for hierarchy "clock_div_2ton:CD" File: C:/Users/Dominik/Desktop/EELE367/Lab9c_Counters_Using_1_Process_n_2ton_Clock_Div/top.vhd Line: 40
Warning (10036): Verilog HDL or VHDL warning at clock_div_2ton.vhd(24): object "cnt" assigned a value but never read File: C:/Users/Dominik/Desktop/EELE367/Lab9c_Counters_Using_1_Process_n_2ton_Clock_Div/clock_div_2ton.vhd Line: 24
Warning (10492): VHDL Process Statement warning at clock_div_2ton.vhd(73): signal "cntn" is read inside the Process Statement but isn't in the Process Statement's sensitivity list File: C:/Users/Dominik/Desktop/EELE367/Lab9c_Counters_Using_1_Process_n_2ton_Clock_Div/clock_div_2ton.vhd Line: 73
Warning (10492): VHDL Process Statement warning at clock_div_2ton.vhd(75): signal "cntn" is read inside the Process Statement but isn't in the Process Statement's sensitivity list File: C:/Users/Dominik/Desktop/EELE367/Lab9c_Counters_Using_1_Process_n_2ton_Clock_Div/clock_div_2ton.vhd Line: 75
Warning (10492): VHDL Process Statement warning at clock_div_2ton.vhd(77): signal "cntn" is read inside the Process Statement but isn't in the Process Statement's sensitivity list File: C:/Users/Dominik/Desktop/EELE367/Lab9c_Counters_Using_1_Process_n_2ton_Clock_Div/clock_div_2ton.vhd Line: 77
Warning (10492): VHDL Process Statement warning at clock_div_2ton.vhd(79): signal "cntn" is read inside the Process Statement but isn't in the Process Statement's sensitivity list File: C:/Users/Dominik/Desktop/EELE367/Lab9c_Counters_Using_1_Process_n_2ton_Clock_Div/clock_div_2ton.vhd Line: 79
Info (12128): Elaborating entity "dflipflop" for hierarchy "clock_div_2ton:CD|dflipflop:d0" File: C:/Users/Dominik/Desktop/EELE367/Lab9c_Counters_Using_1_Process_n_2ton_Clock_Div/clock_div_2ton.vhd Line: 30
Info (12128): Elaborating entity "char_decoder" for hierarchy "char_decoder:C0" File: C:/Users/Dominik/Desktop/EELE367/Lab9c_Counters_Using_1_Process_n_2ton_Clock_Div/top.vhd Line: 41
Info (286030): Timing-Driven Synthesis is running
Info (16010): Generating hard_block partition "hard_block:auto_generated_inst"
    Info (16011): Adding 0 node(s), including 0 DDIO, 0 PLL, 0 transceiver and 0 LCELL
Warning (21074): Design contains 4 input pin(s) that do not drive logic
    Warning (15610): No output dependent on input pin "SW[0]" File: C:/Users/Dominik/Desktop/EELE367/Lab9c_Counters_Using_1_Process_n_2ton_Clock_Div/top.vhd Line: 9
    Warning (15610): No output dependent on input pin "SW[1]" File: C:/Users/Dominik/Desktop/EELE367/Lab9c_Counters_Using_1_Process_n_2ton_Clock_Div/top.vhd Line: 9
    Warning (15610): No output dependent on input pin "SW[2]" File: C:/Users/Dominik/Desktop/EELE367/Lab9c_Counters_Using_1_Process_n_2ton_Clock_Div/top.vhd Line: 9
    Warning (15610): No output dependent on input pin "SW[3]" File: C:/Users/Dominik/Desktop/EELE367/Lab9c_Counters_Using_1_Process_n_2ton_Clock_Div/top.vhd Line: 9
Info (21057): Implemented 137 device resources after synthesis - the final resource count might be different
    Info (21058): Implemented 6 input pins
    Info (21059): Implemented 60 output pins
    Info (21061): Implemented 71 logic cells
Info: Quartus Prime Analysis & Synthesis was successful. 0 errors, 13 warnings
    Info: Peak virtual memory: 734 megabytes
    Info: Processing ended: Sun Feb 26 14:16:56 2017
    Info: Elapsed time: 00:00:17
    Info: Total CPU time (on all processors): 00:00:40


